app/manifest-merger-release-report.txt
-- Merging decision tree log ---
manifest
ADDED from AndroidManifest.xml:2:1
	xmlns:android
		ADDED from AndroidManifest.xml:2:11
	package
		ADDED from AndroidManifest.xml:3:5
		INJECTED from AndroidManifest.xml:0:0
		INJECTED from AndroidManifest.xml:0:0
	android:versionName
		INJECTED from AndroidManifest.xml:0:0
		INJECTED from AndroidManifest.xml:0:0
	android:versionCode
		INJECTED from AndroidManifest.xml:0:0
		INJECTED from AndroidManifest.xml:0:0
supports-screens
ADDED from AndroidManifest.xml:5:5
	android:largeScreens
		ADDED from AndroidManifest.xml:6:9
	android:normalScreens
		ADDED from AndroidManifest.xml:7:9
	android:xlargeScreens
		ADDED from AndroidManifest.xml:8:9
uses-permission#android.permission.WRITE_EXTERNAL_STORAGE
ADDED from AndroidManifest.xml:10:5
	android:name
		ADDED from AndroidManifest.xml:10:22
application
ADDED from AndroidManifest.xml:12:5
MERGED from com.android.support:appcompat-v7:21.0.2:16:5
MERGED from com.android.support:support-v4:21.0.2:16:5
	android:label
		ADDED from AndroidManifest.xml:15:9
	android:allowBackup
		ADDED from AndroidManifest.xml:13:9
	android:icon
		ADDED from AndroidManifest.xml:14:9
	android:theme
		ADDED from AndroidManifest.xml:16:9
activity#com.rodriguez.scoremydivepremium.Home
ADDED from AndroidManifest.xml:17:9
	android:screenOrientation
		ADDED from AndroidManifest.xml:20:13
	android:label
		ADDED from AndroidManifest.xml:19:13
	android:name
		ADDED from AndroidManifest.xml:18:13
intent-filter#android.intent.action.MAIN+android.intent.category.LAUNCHER
ADDED from AndroidManifest.xml:21:13
action#android.intent.action.MAIN
ADDED from AndroidManifest.xml:22:17
	android:name
		ADDED from AndroidManifest.xml:22:25
category#android.intent.category.LAUNCHER
ADDED from AndroidManifest.xml:24:17
	android:name
		ADDED from AndroidManifest.xml:24:27
activity#com.rodriguez.scoremydivepremium.DiverHistory
ADDED from AndroidManifest.xml:27:9
	android:label
		ADDED from AndroidManifest.xml:28:13
	android:name
		ADDED from AndroidManifest.xml:27:19
intent-filter#android.intent.category.DEFAULT+com.rodriguez.Home.DiverHistory
ADDED from AndroidManifest.xml:29:13
action#com.rodriguez.Home.DiverHistory
ADDED from AndroidManifest.xml:30:17
	android:name
		ADDED from AndroidManifest.xml:30:25
category#android.intent.category.DEFAULT
ADDED from AndroidManifest.xml:32:17
	android:name
		ADDED from AndroidManifest.xml:32:27
meta-data#android.support.PARENT_ACTIVITY
ADDED from AndroidManifest.xml:35:13
	android:name
		ADDED from AndroidManifest.xml:36:17
	android:value
		ADDED from AndroidManifest.xml:37:17
activity#com.rodriguez.scoremydivepremium.MeetScores
ADDED from AndroidManifest.xml:39:9
	android:label
		ADDED from AndroidManifest.xml:40:13
	android:name
		ADDED from AndroidManifest.xml:39:19
intent-filter#android.intent.category.DEFAULT+com.rodriguez.Home.MeetScores
ADDED from AndroidManifest.xml:41:13
action#com.rodriguez.Home.MeetScores
ADDED from AndroidManifest.xml:42:17
	android:name
		ADDED from AndroidManifest.xml:42:25
activity#com.rodriguez.scoremydivepremium.DiverEdit
ADDED from AndroidManifest.xml:51:9
	android:label
		ADDED from AndroidManifest.xml:52:13
	android:name
		ADDED from AndroidManifest.xml:51:19
intent-filter#android.intent.category.DEFAULT+com.rodriguez.Home.DiverEdit
ADDED from AndroidManifest.xml:53:13
action#com.rodriguez.Home.DiverEdit
ADDED from AndroidManifest.xml:54:17
	android:name
		ADDED from AndroidManifest.xml:54:25
activity#com.rodriguez.scoremydivepremium.DiverDelete
ADDED from AndroidManifest.xml:63:9
	android:theme
		ADDED from AndroidManifest.xml:65:13
	android:name
		ADDED from AndroidManifest.xml:64:13
intent-filter#android.intent.category.DEFAULT+com.rodriguez.Home.DiverDelete
ADDED from AndroidManifest.xml:66:13
action#com.rodriguez.Home.DiverDelete
ADDED from AndroidManifest.xml:67:17
	android:name
		ADDED from AndroidManifest.xml:67:25
activity#com.rodriguez.scoremydivepremium.MeetResults
ADDED from AndroidManifest.xml:76:9
	android:label
		ADDED from AndroidManifest.xml:77:13
	android:name
		ADDED from AndroidManifest.xml:76:19
intent-filter#android.intent.category.DEFAULT+com.rodriguez.Home.MeetResults
ADDED from AndroidManifest.xml:78:13
action#com.rodriguez.Home.MeetResults
ADDED from AndroidManifest.xml:79:17
	android:name
		ADDED from AndroidManifest.xml:79:25
activity#com.rodriguez.scoremydivepremium.MeetEdit
ADDED from AndroidManifest.xml:88:9
	android:label
		ADDED from AndroidManifest.xml:89:13
	android:name
		ADDED from AndroidManifest.xml:88:19
intent-filter#android.intent.category.DEFAULT+com.rodriguez.Home.MeetEdit
ADDED from AndroidManifest.xml:90:13
action#com.rodriguez.Home.MeetEdit
ADDED from AndroidManifest.xml:91:17
	android:name
		ADDED from AndroidManifest.xml:91:25
activity#com.rodriguez.scoremydivepremium.MeetDelete
ADDED from AndroidManifest.xml:100:9
	android:theme
		ADDED from AndroidManifest.xml:102:13
	android:name
		ADDED from AndroidManifest.xml:101:13
intent-filter#android.intent.category.DEFAULT+com.rodriguez.Home.MeetDelete
ADDED from AndroidManifest.xml:103:13
action#com.rodriguez.Home.MeetDelete
ADDED from AndroidManifest.xml:104:17
	android:name
		ADDED from AndroidManifest.xml:104:25
activity#com.rodriguez.scoremydivepremium.Choose
ADDED from AndroidManifest.xml:113:9
	android:name
		ADDED from AndroidManifest.xml:113:19
intent-filter#android.intent.category.DEFAULT+com.rodriguez.Home.Choose
ADDED from AndroidManifest.xml:114:13
action#com.rodriguez.Home.Choose
ADDED from AndroidManifest.xml:115:17
	android:name
		ADDED from AndroidManifest.xml:115:25
activity#com.rodriguez.scoremydivepremium.ChooseSummary
ADDED from AndroidManifest.xml:124:9
	android:label
		ADDED from AndroidManifest.xml:125:13
	android:name
		ADDED from AndroidManifest.xml:124:19
intent-filter#android.intent.category.DEFAULT+com.rodriguez.Home.ChooseSummary
ADDED from AndroidManifest.xml:126:13
action#com.rodriguez.Home.ChooseSummary
ADDED from AndroidManifest.xml:127:17
	android:name
		ADDED from AndroidManifest.xml:127:25
activity#com.rodriguez.scoremydivepremium.EnterDiver
ADDED from AndroidManifest.xml:136:9
	android:label
		ADDED from AndroidManifest.xml:137:13
	android:name
		ADDED from AndroidManifest.xml:136:19
intent-filter#android.intent.category.DEFAULT+com.rodriguez.Home.EnterDiver
ADDED from AndroidManifest.xml:138:13
action#com.rodriguez.Home.EnterDiver
ADDED from AndroidManifest.xml:139:17
	android:name
		ADDED from AndroidManifest.xml:139:25
activity#com.rodriguez.scoremydivepremium.EnterMeet
ADDED from AndroidManifest.xml:148:9
	android:label
		ADDED from AndroidManifest.xml:149:13
	android:name
		ADDED from AndroidManifest.xml:148:19
intent-filter#android.intent.category.DEFAULT+com.rodriguez.Home.EnterMeet
ADDED from AndroidManifest.xml:150:13
action#com.rodriguez.Home.EnterMeet
ADDED from AndroidManifest.xml:151:17
	android:name
		ADDED from AndroidManifest.xml:151:25
activity#com.rodriguez.scoremydivepremium.Dives
ADDED from AndroidManifest.xml:160:9
	android:label
		ADDED from AndroidManifest.xml:161:13
	android:name
		ADDED from AndroidManifest.xml:160:19
intent-filter#android.intent.category.DEFAULT+com.rodriguez.Home.Dives
ADDED from AndroidManifest.xml:162:13
action#com.rodriguez.Home.Dives
ADDED from AndroidManifest.xml:163:17
	android:name
		ADDED from AndroidManifest.xml:163:25
activity#com.rodriguez.scoremydivepremium.HowTo
ADDED from AndroidManifest.xml:172:9
	android:name
		ADDED from AndroidManifest.xml:172:19
intent-filter#android.intent.category.DEFAULT+com.rodriguez.Home.HowTo
ADDED from AndroidManifest.xml:173:13
action#com.rodriguez.Home.HowTo
ADDED from AndroidManifest.xml:174:17
	android:name
		ADDED from AndroidManifest.xml:174:25
activity#com.rodriguez.scoremydivepremium.ChangeDiveScore
ADDED from AndroidManifest.xml:183:9
	android:label
		ADDED from AndroidManifest.xml:184:13
	android:name
		ADDED from AndroidManifest.xml:183:19
intent-filter#android.intent.category.DEFAULT+com.rodriguez.Home.ChangeDiveScore
ADDED from AndroidManifest.xml:185:13
action#com.rodriguez.Home.ChangeDiveScore
ADDED from AndroidManifest.xml:186:17
	android:name
		ADDED from AndroidManifest.xml:186:25
activity#com.rodriguez.scoremydivepremium.FailedDive
ADDED from AndroidManifest.xml:195:9
	android:theme
		ADDED from AndroidManifest.xml:197:13
	android:name
		ADDED from AndroidManifest.xml:196:13
intent-filter#android.intent.category.DEFAULT+com.rodriguez.Home.FailedDive
ADDED from AndroidManifest.xml:198:13
action#com.rodriguez.Home.FailedDive
ADDED from AndroidManifest.xml:199:17
	android:name
		ADDED from AndroidManifest.xml:199:25
activity#com.rodriguez.scoremydivepremium.EditQuickScoreValue
ADDED from AndroidManifest.xml:208:9
	android:windowSoftInputMode
		ADDED from AndroidManifest.xml:211:13
	android:theme
		ADDED from AndroidManifest.xml:210:13
	android:name
		ADDED from AndroidManifest.xml:209:13
intent-filter#android.intent.category.DEFAULT+com.rodriguez.Home.EditQuickScoreValue
ADDED from AndroidManifest.xml:212:13
action#com.rodriguez.Home.EditQuickScoreValue
ADDED from AndroidManifest.xml:213:17
	android:name
		ADDED from AndroidManifest.xml:213:25
activity#com.rodriguez.scoremydivepremium.EnterFinalDiveScore
ADDED from AndroidManifest.xml:222:9
	android:label
		ADDED from AndroidManifest.xml:223:13
	android:name
		ADDED from AndroidManifest.xml:222:19
intent-filter#android.intent.category.DEFAULT+com.rodriguez.Home.EnterFinalDiveScore
ADDED from AndroidManifest.xml:224:13
action#com.rodriguez.Home.EnterFinalDiveScore
ADDED from AndroidManifest.xml:225:17
	android:name
		ADDED from AndroidManifest.xml:225:25
activity#com.rodriguez.scoremydivepremium.RemoveDiverFromMeet
ADDED from AndroidManifest.xml:234:9
	android:theme
		ADDED from AndroidManifest.xml:236:13
	android:name
		ADDED from AndroidManifest.xml:235:13
intent-filter#android.intent.category.DEFAULT+com.rodriguez.Home.RemoveDiverFromMeet
ADDED from AndroidManifest.xml:237:13
action#com.rodriguez.Home.RemoveDiverFromMeet
ADDED from AndroidManifest.xml:238:17
	android:name
		ADDED from AndroidManifest.xml:238:25
activity#com.rodriguez.scoremydivepremium.About
ADDED from AndroidManifest.xml:247:9
	android:label
		ADDED from AndroidManifest.xml:249:13
	android:theme
		ADDED from AndroidManifest.xml:250:13
	android:name
		ADDED from AndroidManifest.xml:248:13
activity#com.rodriguez.scoremydivepremium.ViewDiveInfo
ADDED from AndroidManifest.xml:255:9
	android:label
		ADDED from AndroidManifest.xml:256:13
	android:name
		ADDED from AndroidManifest.xml:255:19
intent-filter#android.intent.category.DEFAULT+com.rodriguez.Home.ViewDiveInfo
ADDED from AndroidManifest.xml:257:13
action#com.rodriguez.Home.ViewDiveInfo
ADDED from AndroidManifest.xml:258:17
	android:name
		ADDED from AndroidManifest.xml:258:25
activity#com.rodriguez.scoremydivepremium.Rankings
ADDED from AndroidManifest.xml:267:9
	android:label
		ADDED from AndroidManifest.xml:268:13
	android:name
		ADDED from AndroidManifest.xml:267:19
intent-filter#android.intent.category.DEFAULT+com.rodriguez.Home.Rankings
ADDED from AndroidManifest.xml:269:13
action#com.rodriguez.Home.Rankings
ADDED from AndroidManifest.xml:270:17
	android:name
		ADDED from AndroidManifest.xml:270:25
activity#com.rodriguez.scoremydivepremium.RankingsByMeet
ADDED from AndroidManifest.xml:275:9
	android:label
		ADDED from AndroidManifest.xml:276:13
	android:name
		ADDED from AndroidManifest.xml:275:19
intent-filter#android.intent.category.DEFAULT+com.rodriguez.Home.RankingsByMeet
ADDED from AndroidManifest.xml:277:13
action#com.rodriguez.Home.RankingsByMeet
ADDED from AndroidManifest.xml:278:17
	android:name
		ADDED from AndroidManifest.xml:278:25
activity#com.rodriguez.scoremydivepremium.Reports
ADDED from AndroidManifest.xml:287:9
	android:label
		ADDED from AndroidManifest.xml:288:13
	android:name
		ADDED from AndroidManifest.xml:287:19
intent-filter#android.intent.category.DEFAULT+com.rodriguez.Home.Reports
ADDED from AndroidManifest.xml:289:13
action#com.rodriguez.Home.Reports
ADDED from AndroidManifest.xml:290:17
	android:name
		ADDED from AndroidManifest.xml:290:25
activity#com.rodriguez.scoremydivepremium.EnterDiveList
ADDED from AndroidManifest.xml:299:9
	android:label
		ADDED from AndroidManifest.xml:300:13
	android:name
		ADDED from AndroidManifest.xml:299:19
intent-filter#android.intent.category.DEFAULT+com.rodriguez.Home.EnterDiveList
ADDED from AndroidManifest.xml:301:13
action#com.rodriguez.Home.EnterDiveList
ADDED from AndroidManifest.xml:302:17
	android:name
		ADDED from AndroidManifest.xml:302:25
activity#com.rodriguez.scoremydivepremium.ChooseDivesFromList
ADDED from AndroidManifest.xml:311:9
	android:label
		ADDED from AndroidManifest.xml:312:13
	android:name
		ADDED from AndroidManifest.xml:311:19
intent-filter#android.intent.category.DEFAULT+com.rodriguez.Home.ChooseDivesFromList
ADDED from AndroidManifest.xml:313:13
action#com.rodriguez.Home.ChooseDivesFromList
ADDED from AndroidManifest.xml:314:17
	android:name
		ADDED from AndroidManifest.xml:314:25
activity#com.rodriguez.scoremydivepremium.EnterScoreFromList
ADDED from AndroidManifest.xml:323:9
	android:label
		ADDED from AndroidManifest.xml:324:13
	android:name
		ADDED from AndroidManifest.xml:323:19
intent-filter#android.intent.category.DEFAULT+com.rodriguez.Home.EnterScoreFromList
ADDED from AndroidManifest.xml:325:13
action#com.rodriguez.Home.EnterScoreFromList
ADDED from AndroidManifest.xml:326:17
	android:name
		ADDED from AndroidManifest.xml:326:25
activity#com.rodriguez.scoremydivepremium.EditDiveList
ADDED from AndroidManifest.xml:335:9
	android:theme
		ADDED from AndroidManifest.xml:336:13
	android:name
		ADDED from AndroidManifest.xml:335:19
intent-filter#android.intent.category.DEFAULT+com.rodriguez.Home.EditDiveList
ADDED from AndroidManifest.xml:337:13
action#com.rodriguez.Home.EditDiveList
ADDED from AndroidManifest.xml:338:17
	android:name
		ADDED from AndroidManifest.xml:338:25
activity#com.rodriguez.scoremydivepremium.EnterTotalScoreFromDiveList
ADDED from AndroidManifest.xml:347:9
	android:label
		ADDED from AndroidManifest.xml:348:13
	android:name
		ADDED from AndroidManifest.xml:347:19
intent-filter#android.intent.category.DEFAULT+com.rodriguez.Home.EnterTotalScoreFromDiveList
ADDED from AndroidManifest.xml:349:13
action#com.rodriguez.Home.EnterTotalScoreFromDiveList
ADDED from AndroidManifest.xml:350:17
	android:name
		ADDED from AndroidManifest.xml:350:25
activity#com.rodriguez.scoremydivepremium.QuickScore
ADDED from AndroidManifest.xml:359:9
	android:label
		ADDED from AndroidManifest.xml:360:13
	android:name
		ADDED from AndroidManifest.xml:359:19
intent-filter#android.intent.category.DEFAULT+com.rodriguez.Home.QuickScore
ADDED from AndroidManifest.xml:361:13
action#com.rodriguez.Home.QuickScore
ADDED from AndroidManifest.xml:362:17
	android:name
		ADDED from AndroidManifest.xml:362:25
activity#com.rodriguez.scoremydivepremium.MeetsDivers
ADDED from AndroidManifest.xml:371:9
	android:name
		ADDED from AndroidManifest.xml:371:19
intent-filter#android.intent.category.DEFAULT+com.rodriguez.Home.MeetsDivers
ADDED from AndroidManifest.xml:372:13
action#com.rodriguez.Home.MeetsDivers
ADDED from AndroidManifest.xml:373:17
	android:name
		ADDED from AndroidManifest.xml:373:25
activity#com.rodriguez.scoremydivepremium.DatePickerCustom
ADDED from AndroidManifest.xml:382:9
	android:theme
		ADDED from AndroidManifest.xml:384:13
	android:name
		ADDED from AndroidManifest.xml:383:13
activity#com.rodriguez.scoremydivepremium.DiveNumberEnter
ADDED from AndroidManifest.xml:395:9
	android:theme
		ADDED from AndroidManifest.xml:397:13
	android:name
		ADDED from AndroidManifest.xml:396:13
intent-filter#android.intent.category.DEFAULT+com.rodriguez.Home.DiveNumberEnter
ADDED from AndroidManifest.xml:398:13
action#com.rodriguez.Home.DiveNumberEnter
ADDED from AndroidManifest.xml:399:17
	android:name
		ADDED from AndroidManifest.xml:399:25
activity#com.rodriguez.scoremydivepremium.DiveChoose
ADDED from AndroidManifest.xml:408:9
	android:theme
		ADDED from AndroidManifest.xml:410:13
	android:name
		ADDED from AndroidManifest.xml:409:13
intent-filter#android.intent.category.DEFAULT+com.rodriguez.Home.DiveChoose
ADDED from AndroidManifest.xml:411:13
action#com.rodriguez.Home.DiveChoose
ADDED from AndroidManifest.xml:412:17
	android:name
		ADDED from AndroidManifest.xml:412:25
activity#com.rodriguez.scoremydivepremium.SwitchDivers
ADDED from AndroidManifest.xml:421:9
	android:theme
		ADDED from AndroidManifest.xml:423:13
	android:name
		ADDED from AndroidManifest.xml:422:13
intent-filter#android.intent.category.DEFAULT+com.rodriguez.Home.SwitchDivers
ADDED from AndroidManifest.xml:424:13
action#com.rodriguez.Home.SwitchDivers
ADDED from AndroidManifest.xml:425:17
	android:name
		ADDED from AndroidManifest.xml:425:25
uses-sdk
INJECTED from AndroidManifest.xml:0:0 reason: use-sdk injection requested
MERGED from com.android.support:appcompat-v7:21.0.2:15:5
MERGED from com.android.support:support-v4:21.0.2:15:5
	android:targetSdkVersion
		INJECTED from AndroidManifest.xml:0:0
		INJECTED from AndroidManifest.xml:0:0
	android:minSdkVersion
		INJECTED from AndroidManifest.xml:0:0
		INJECTED from AndroidManifest.xml:0:0